***** Section <default> *****
Stats: size=54  blocks=54  symbols=9  literals=0  relocations=0
Blocks
    name        start   size  #ins #dir #sto
    <default>   00000  00036    12    4    2
Symbols
    name           hex       dec  scope     kind      type      description
    ARE         000009         9  local     relative  code      label
    AREA        000030        48  local     relative  data      label
    BASE        00002A        42  local     relative  data      label
    HEIGHT      00002D        45  local     relative  data      label
    PER         000015        21  local     relative  code      label
    PERIMETER   000033        51  local     relative  data      label
    SIDE        000027        39  local     relative  data      label
    TWO         000024        36  local     relative  data      label
    halt        000006         6  local     relative  code      label
Literals
    label   definition
Relocations
    address length flag symbol
